<?xml version="1.0" encoding="UTF-8"?>
<!-- Generated by org.testng.reporters.JUnitReportReporter -->
<testsuite hostname="DESKTOP-KRUKUAF" failures="0" tests="4" name="testpack.TestNGClass1" time="94.304" errors="0" timestamp="2022-09-26T22:29:18 IST" skipped="0">
  <testcase classname="testpack.TestNGClass1" name="VerifyReturnToMessanger" time="40.199"/>
  <system-out/>
  <testcase classname="testpack.TestNGClass1" name="VerifyContactHelpCenter" time="14.993"/>
  <system-out/>
  <testcase classname="testpack.TestNGClass1" name="VerifyContactHelpCenter" time="26.828"/>
  <system-out/>
  <testcase classname="testpack.TestNGClass1" name="VerifyReturnToMessanger" time="12.284"/>
  <system-out/>
</testsuite> <!-- testpack.TestNGClass1 -->
